<?xml version="1.0" encoding="UTF-8"?>
<!-- Generated by org.testng.reporters.JUnitReportReporter -->
<testsuite hostname="DESKTOP-GE8BGMD" failures="0" tests="1" name="testCases.Test_Check_User_Role" time="2.750" errors="0" timestamp="2025-06-10T10:25:19 IST" skipped="0">
  <testcase classname="testCases.Test_Check_User_Role" name="checkUserRole" time="2.750"/>
</testsuite> <!-- testCases.Test_Check_User_Role -->
