<?xml version="1.0" encoding="UTF-8"?>
<!-- Generated by org.testng.reporters.JUnitReportReporter -->
<testsuite hostname="DESKTOP-GE8BGMD" failures="0" tests="1" name="testCases.Test_Pending_Leave_Request" time="4.794" errors="0" timestamp="2025-06-10T10:25:19 IST" skipped="0">
  <testcase classname="testCases.Test_Pending_Leave_Request" name="verifyHowManyAreInLeave" time="4.794"/>
</testsuite> <!-- testCases.Test_Pending_Leave_Request -->
